[
  [
    [
      {
        "Plan": {
          "Node Type": "Limit",
          "Parallel Aware": false,
          "Async Capable": false,
          "Startup Cost": 826.03,
          "Total Cost": 9427421.38,
          "Plan Rows": 1200000,
          "Plan Width": 1396,
          "Actual Startup Time": 199.519,
          "Actual Total Time": 208.583,
          "Actual Rows": 40,
          "Actual Loops": 1,
          "Output": [
            "bge.chunk_id",
            "chunks.doi",
            "chunks.text",
            "((bge.embedding <=> '[-0.04119519,-0.016355887,-0.00043491874,-0.0013414242,0.020548759,0.013536399,0.01694833,-0.017211534,-0.01057748,-0.005010956,-0.003854985,-0.030376429,-0.0094531,0.025743006,0.020587858,-0.025682427,0.016372442,0.018224401,-0.07542831,0.01346615,0.02628224,-0.055666044,0.015870996,-0.026067698,0.009108651,0.059674546,-0.019332645,-0.0009157185,0.0071408637,-0.16271642,0.03583203,0.023578161,0.0033505675,-0.04067287,0.007065128,0.004600487,-0.036584232,0.025791993,-0.06933709,0.026676405,0.03913432,-0.031168347,0.021089353,-0.048484556,0.00096245494,-0.002084247,-0.007574144,0.0035434563,0.034691297,-0.035261393,-0.020337,0.0016982607,0.012243637,-0.0010722677,0.03967695,-0.0011650264,0.028184375,0.03731708,0.01998034,-0.0054814033,0.041196406,0.02845163,-0.14863874,0.023309603,0.10071091,-0.024142351,-0.005176995,0.0135098,0.091822535,0.019238763,-0.010832677,-0.012049732,0.005114051,-0.009268264,-0.03022294,0.018892143,-0.03586932,0.008004577,-0.03618685,-0.0069856895,0.00851189,-0.013477336,-0.023573017,0.00414247,-0.053988725,-0.044330217,0.02355743,-0.007892111,-0.0053733396,0.0322712,-0.05557664,-0.058957353,-0.03775697,0.02432512,-0.008575316,0.005070588,0.031103605,-0.04150685,0.04832719,0.48850194,-0.032441635,0.005682647,0.07999825,0.00499789,0.007146754,0.016071616,-0.038655996,-0.04328846,-0.023188509,0.011254114,0.014705466,-0.026206769,0.03555592,-0.039049853,0.002233793,-0.004185537,0.011518341,-0.0060308273,-0.057617523,-0.004214275,-0.02444025,0.030141383,0.015312718,-0.007068296,-0.0016960518,-0.017966697,0.01768681,0.038039558,-0.006797718,-0.025177084,0.022295702,-0.034225613,0.00653254,-0.06314863,0.009857617,-0.0021842055,0.045049794,0.0205541,0.056363888,-0.009944458,-0.03297338,-0.04691537,-0.059056047,-0.14204392,-0.062026616,0.0926606,-0.014807781,0.021952238,0.0016921221,0.0072297207,-0.013113545,0.025480341,-0.023949213,-0.015104296,-0.008695024,-0.013930348,0.0017293143,0.07287963,-0.0024497958,0.05349033,-0.026464136,-0.02723008,-0.051540513,0.08958601,0.031756893,-0.01471594,-0.0017701113,0.009783184,0.053599104,0.02237229,-0.010024103,0.053328164,0.004188168,-0.004494865,0.08704254,-0.024699017,-0.056285746,0.0019032792,0.026691876,0.031750135,0.06383753,0.0076457844,0.0002463172,0.029064586,0.04744435,-0.06920975,-0.039434563,-0.021126943,-0.011268721,0.04118115,-0.04443347,0.04417656,-0.040227443,0.025894403,-0.00960021,-0.044177666,0.0021137102,0.04286888,-0.062438767,-0.011014683,-0.0009929124,0.051203877,-0.01876142,0.04648335,-0.014574474,-0.010937528,0.028818684,-0.020295622,0.017615668,-0.012886294,0.00856439,0.010774289,-0.003834385,0.031372555,-0.027400048,-0.030819254,0.0122108925,0.0345955,-0.025832674,-0.005264899,0.066902846,-0.05911457,0.02556789,-0.2706598,-0.08267303,-0.011354906,-0.038515102,0.07279539,-0.015554757,0.042853937,-0.042352926,0.01596031,-0.018183354,0.07725805,-0.018506624,-0.012394103,-0.025181996,0.0013198778,0.026562072,0.0195413,-0.04076399,0.025387151,0.05215863,-0.039519582,0.08132891,-0.0125955865,-0.06364497,-0.039856315,0.009117932,0.13886558,0.00019077971,0.009207651,-0.014632748,0.036043704,0.017067103,0.052075397,-0.03782251,0.0183039,0.012916161,0.011800434,-0.022179015,0.027346889,-0.018750792,-0.03350685,0.009387565,-0.01416243,-0.0106585715,0.017836362,-0.041435026,-0.03640974,0.019470638,-0.041518945,-0.0033424897,0.045448463,-0.038761094,-0.024774808,0.007912975,0.027495341,-0.011978667,-0.050159026,0.01631285,-0.04791202,0.014888241,-0.014792495,0.033408754,0.014381425,0.02688248,0.056693893,-0.022387587,-0.045189917,0.014282521,0.034779,-0.026158307,-0.0060865525,0.061451554,-0.048280615,0.03182014,0.059223045,-0.021325408,0.018041914,0.0016859614,-0.05785028,-0.0049458295,0.042826917,-0.0713552,0.041627083,0.07386586,-0.03130768,0.04212274,0.015082248,-0.06075835,0.016656827,-0.014777244,-0.00020061416,0.030055696,-0.019450568,4.9300674e-05,0.0049859863,0.026583275,-0.3276286,0.008230233,-0.03113784,0.050573386,-0.02196216,-0.041085307,0.018658271,0.02754509,-0.020033052,0.007540087,-0.028143048,0.009504387,-0.04380807,0.01929265,-0.013914354,-0.0016181687,0.07588576,-0.05427263,-0.03581312,-0.020774432,0.026542425,0.027356429,0.22493134,-0.01264271,0.017919391,0.0012076744,0.030030528,0.015748873,-0.025167184,0.0037447247,0.07921746,-0.003720028,0.046078015,0.011241754,0.029318884,0.010773729,0.003304156,0.007948504,0.031946573,-0.02407701,-0.027858786,0.017592829,-0.07561253,-0.08985333,0.09343439,-0.0016761309,-0.022691596,-0.053788528,0.068086356,-0.011011039,-0.024386613,-0.020209787,-0.0027777674,0.060910698,0.011039097,0.056403663,-0.01570619,-0.041149996,-0.017920705,-0.010068635,0.026913524,-0.040421396,0.0060614683,0.009476349,0.0028315124]'::vector))"
          ],
          "Shared Hit Blocks": 166,
          "Shared Read Blocks": 1526,
          "Shared Dirtied Blocks": 0,
          "Shared Written Blocks": 0,
          "Local Hit Blocks": 0,
          "Local Read Blocks": 0,
          "Local Dirtied Blocks": 0,
          "Local Written Blocks": 0,
          "Temp Read Blocks": 0,
          "Temp Written Blocks": 0,
          "Plans": [
            {
              "Node Type": "Nested Loop",
              "Parent Relationship": "Outer",
              "Parallel Aware": false,
              "Async Capable": false,
              "Join Type": "Inner",
              "Startup Cost": 826.03,
              "Total Cost": 19286791.72,
              "Plan Rows": 2455092,
              "Plan Width": 1396,
              "Actual Startup Time": 199.492,
              "Actual Total Time": 208.502,
              "Actual Rows": 40,
              "Actual Loops": 1,
              "Output": [
                "bge.chunk_id",
                "chunks.doi",
                "chunks.text",
                "(bge.embedding <=> '[-0.04119519,-0.016355887,-0.00043491874,-0.0013414242,0.020548759,0.013536399,0.01694833,-0.017211534,-0.01057748,-0.005010956,-0.003854985,-0.030376429,-0.0094531,0.025743006,0.020587858,-0.025682427,0.016372442,0.018224401,-0.07542831,0.01346615,0.02628224,-0.055666044,0.015870996,-0.026067698,0.009108651,0.059674546,-0.019332645,-0.0009157185,0.0071408637,-0.16271642,0.03583203,0.023578161,0.0033505675,-0.04067287,0.007065128,0.004600487,-0.036584232,0.025791993,-0.06933709,0.026676405,0.03913432,-0.031168347,0.021089353,-0.048484556,0.00096245494,-0.002084247,-0.007574144,0.0035434563,0.034691297,-0.035261393,-0.020337,0.0016982607,0.012243637,-0.0010722677,0.03967695,-0.0011650264,0.028184375,0.03731708,0.01998034,-0.0054814033,0.041196406,0.02845163,-0.14863874,0.023309603,0.10071091,-0.024142351,-0.005176995,0.0135098,0.091822535,0.019238763,-0.010832677,-0.012049732,0.005114051,-0.009268264,-0.03022294,0.018892143,-0.03586932,0.008004577,-0.03618685,-0.0069856895,0.00851189,-0.013477336,-0.023573017,0.00414247,-0.053988725,-0.044330217,0.02355743,-0.007892111,-0.0053733396,0.0322712,-0.05557664,-0.058957353,-0.03775697,0.02432512,-0.008575316,0.005070588,0.031103605,-0.04150685,0.04832719,0.48850194,-0.032441635,0.005682647,0.07999825,0.00499789,0.007146754,0.016071616,-0.038655996,-0.04328846,-0.023188509,0.011254114,0.014705466,-0.026206769,0.03555592,-0.039049853,0.002233793,-0.004185537,0.011518341,-0.0060308273,-0.057617523,-0.004214275,-0.02444025,0.030141383,0.015312718,-0.007068296,-0.0016960518,-0.017966697,0.01768681,0.038039558,-0.006797718,-0.025177084,0.022295702,-0.034225613,0.00653254,-0.06314863,0.009857617,-0.0021842055,0.045049794,0.0205541,0.056363888,-0.009944458,-0.03297338,-0.04691537,-0.059056047,-0.14204392,-0.062026616,0.0926606,-0.014807781,0.021952238,0.0016921221,0.0072297207,-0.013113545,0.025480341,-0.023949213,-0.015104296,-0.008695024,-0.013930348,0.0017293143,0.07287963,-0.0024497958,0.05349033,-0.026464136,-0.02723008,-0.051540513,0.08958601,0.031756893,-0.01471594,-0.0017701113,0.009783184,0.053599104,0.02237229,-0.010024103,0.053328164,0.004188168,-0.004494865,0.08704254,-0.024699017,-0.056285746,0.0019032792,0.026691876,0.031750135,0.06383753,0.0076457844,0.0002463172,0.029064586,0.04744435,-0.06920975,-0.039434563,-0.021126943,-0.011268721,0.04118115,-0.04443347,0.04417656,-0.040227443,0.025894403,-0.00960021,-0.044177666,0.0021137102,0.04286888,-0.062438767,-0.011014683,-0.0009929124,0.051203877,-0.01876142,0.04648335,-0.014574474,-0.010937528,0.028818684,-0.020295622,0.017615668,-0.012886294,0.00856439,0.010774289,-0.003834385,0.031372555,-0.027400048,-0.030819254,0.0122108925,0.0345955,-0.025832674,-0.005264899,0.066902846,-0.05911457,0.02556789,-0.2706598,-0.08267303,-0.011354906,-0.038515102,0.07279539,-0.015554757,0.042853937,-0.042352926,0.01596031,-0.018183354,0.07725805,-0.018506624,-0.012394103,-0.025181996,0.0013198778,0.026562072,0.0195413,-0.04076399,0.025387151,0.05215863,-0.039519582,0.08132891,-0.0125955865,-0.06364497,-0.039856315,0.009117932,0.13886558,0.00019077971,0.009207651,-0.014632748,0.036043704,0.017067103,0.052075397,-0.03782251,0.0183039,0.012916161,0.011800434,-0.022179015,0.027346889,-0.018750792,-0.03350685,0.009387565,-0.01416243,-0.0106585715,0.017836362,-0.041435026,-0.03640974,0.019470638,-0.041518945,-0.0033424897,0.045448463,-0.038761094,-0.024774808,0.007912975,0.027495341,-0.011978667,-0.050159026,0.01631285,-0.04791202,0.014888241,-0.014792495,0.033408754,0.014381425,0.02688248,0.056693893,-0.022387587,-0.045189917,0.014282521,0.034779,-0.026158307,-0.0060865525,0.061451554,-0.048280615,0.03182014,0.059223045,-0.021325408,0.018041914,0.0016859614,-0.05785028,-0.0049458295,0.042826917,-0.0713552,0.041627083,0.07386586,-0.03130768,0.04212274,0.015082248,-0.06075835,0.016656827,-0.014777244,-0.00020061416,0.030055696,-0.019450568,4.9300674e-05,0.0049859863,0.026583275,-0.3276286,0.008230233,-0.03113784,0.050573386,-0.02196216,-0.041085307,0.018658271,0.02754509,-0.020033052,0.007540087,-0.028143048,0.009504387,-0.04380807,0.01929265,-0.013914354,-0.0016181687,0.07588576,-0.05427263,-0.03581312,-0.020774432,0.026542425,0.027356429,0.22493134,-0.01264271,0.017919391,0.0012076744,0.030030528,0.015748873,-0.025167184,0.0037447247,0.07921746,-0.003720028,0.046078015,0.011241754,0.029318884,0.010773729,0.003304156,0.007948504,0.031946573,-0.02407701,-0.027858786,0.017592829,-0.07561253,-0.08985333,0.09343439,-0.0016761309,-0.022691596,-0.053788528,0.068086356,-0.011011039,-0.024386613,-0.020209787,-0.0027777674,0.060910698,0.011039097,0.056403663,-0.01570619,-0.041149996,-0.017920705,-0.010068635,0.026913524,-0.040421396,0.0060614683,0.009476349,0.0028315124]'::vector)"
              ],
              "Inner Unique": true,
              "Shared Hit Blocks": 166,
              "Shared Read Blocks": 1526,
              "Shared Dirtied Blocks": 0,
              "Shared Written Blocks": 0,
              "Local Hit Blocks": 0,
              "Local Read Blocks": 0,
              "Local Dirtied Blocks": 0,
              "Local Written Blocks": 0,
              "Temp Read Blocks": 0,
              "Temp Written Blocks": 0,
              "Plans": [
                {
                  "Node Type": "Index Scan",
                  "Parent Relationship": "Outer",
                  "Parallel Aware": false,
                  "Async Capable": false,
                  "Scan Direction": "Forward",
                  "Index Name": "bge_embedding_idx2",
                  "Relation Name": "bge",
                  "Schema": "public",
                  "Alias": "bge",
                  "Startup Cost": 825.6,
                  "Total Cost": 8917712.11,
                  "Plan Rows": 2455092,
                  "Plan Width": 1548,
                  "Actual Startup Time": 198.925,
                  "Actual Total Time": 199.098,
                  "Actual Rows": 40,
                  "Actual Loops": 1,
                  "Output": [
                    "bge.id",
                    "bge.embedding",
                    "bge.chunk_id"
                  ],
                  "Order By": "(bge.embedding <=> '[-0.04119519,-0.016355887,-0.00043491874,-0.0013414242,0.020548759,0.013536399,0.01694833,-0.017211534,-0.01057748,-0.005010956,-0.003854985,-0.030376429,-0.0094531,0.025743006,0.020587858,-0.025682427,0.016372442,0.018224401,-0.07542831,0.01346615,0.02628224,-0.055666044,0.015870996,-0.026067698,0.009108651,0.059674546,-0.019332645,-0.0009157185,0.0071408637,-0.16271642,0.03583203,0.023578161,0.0033505675,-0.04067287,0.007065128,0.004600487,-0.036584232,0.025791993,-0.06933709,0.026676405,0.03913432,-0.031168347,0.021089353,-0.048484556,0.00096245494,-0.002084247,-0.007574144,0.0035434563,0.034691297,-0.035261393,-0.020337,0.0016982607,0.012243637,-0.0010722677,0.03967695,-0.0011650264,0.028184375,0.03731708,0.01998034,-0.0054814033,0.041196406,0.02845163,-0.14863874,0.023309603,0.10071091,-0.024142351,-0.005176995,0.0135098,0.091822535,0.019238763,-0.010832677,-0.012049732,0.005114051,-0.009268264,-0.03022294,0.018892143,-0.03586932,0.008004577,-0.03618685,-0.0069856895,0.00851189,-0.013477336,-0.023573017,0.00414247,-0.053988725,-0.044330217,0.02355743,-0.007892111,-0.0053733396,0.0322712,-0.05557664,-0.058957353,-0.03775697,0.02432512,-0.008575316,0.005070588,0.031103605,-0.04150685,0.04832719,0.48850194,-0.032441635,0.005682647,0.07999825,0.00499789,0.007146754,0.016071616,-0.038655996,-0.04328846,-0.023188509,0.011254114,0.014705466,-0.026206769,0.03555592,-0.039049853,0.002233793,-0.004185537,0.011518341,-0.0060308273,-0.057617523,-0.004214275,-0.02444025,0.030141383,0.015312718,-0.007068296,-0.0016960518,-0.017966697,0.01768681,0.038039558,-0.006797718,-0.025177084,0.022295702,-0.034225613,0.00653254,-0.06314863,0.009857617,-0.0021842055,0.045049794,0.0205541,0.056363888,-0.009944458,-0.03297338,-0.04691537,-0.059056047,-0.14204392,-0.062026616,0.0926606,-0.014807781,0.021952238,0.0016921221,0.0072297207,-0.013113545,0.025480341,-0.023949213,-0.015104296,-0.008695024,-0.013930348,0.0017293143,0.07287963,-0.0024497958,0.05349033,-0.026464136,-0.02723008,-0.051540513,0.08958601,0.031756893,-0.01471594,-0.0017701113,0.009783184,0.053599104,0.02237229,-0.010024103,0.053328164,0.004188168,-0.004494865,0.08704254,-0.024699017,-0.056285746,0.0019032792,0.026691876,0.031750135,0.06383753,0.0076457844,0.0002463172,0.029064586,0.04744435,-0.06920975,-0.039434563,-0.021126943,-0.011268721,0.04118115,-0.04443347,0.04417656,-0.040227443,0.025894403,-0.00960021,-0.044177666,0.0021137102,0.04286888,-0.062438767,-0.011014683,-0.0009929124,0.051203877,-0.01876142,0.04648335,-0.014574474,-0.010937528,0.028818684,-0.020295622,0.017615668,-0.012886294,0.00856439,0.010774289,-0.003834385,0.031372555,-0.027400048,-0.030819254,0.0122108925,0.0345955,-0.025832674,-0.005264899,0.066902846,-0.05911457,0.02556789,-0.2706598,-0.08267303,-0.011354906,-0.038515102,0.07279539,-0.015554757,0.042853937,-0.042352926,0.01596031,-0.018183354,0.07725805,-0.018506624,-0.012394103,-0.025181996,0.0013198778,0.026562072,0.0195413,-0.04076399,0.025387151,0.05215863,-0.039519582,0.08132891,-0.0125955865,-0.06364497,-0.039856315,0.009117932,0.13886558,0.00019077971,0.009207651,-0.014632748,0.036043704,0.017067103,0.052075397,-0.03782251,0.0183039,0.012916161,0.011800434,-0.022179015,0.027346889,-0.018750792,-0.03350685,0.009387565,-0.01416243,-0.0106585715,0.017836362,-0.041435026,-0.03640974,0.019470638,-0.041518945,-0.0033424897,0.045448463,-0.038761094,-0.024774808,0.007912975,0.027495341,-0.011978667,-0.050159026,0.01631285,-0.04791202,0.014888241,-0.014792495,0.033408754,0.014381425,0.02688248,0.056693893,-0.022387587,-0.045189917,0.014282521,0.034779,-0.026158307,-0.0060865525,0.061451554,-0.048280615,0.03182014,0.059223045,-0.021325408,0.018041914,0.0016859614,-0.05785028,-0.0049458295,0.042826917,-0.0713552,0.041627083,0.07386586,-0.03130768,0.04212274,0.015082248,-0.06075835,0.016656827,-0.014777244,-0.00020061416,0.030055696,-0.019450568,4.9300674e-05,0.0049859863,0.026583275,-0.3276286,0.008230233,-0.03113784,0.050573386,-0.02196216,-0.041085307,0.018658271,0.02754509,-0.020033052,0.007540087,-0.028143048,0.009504387,-0.04380807,0.01929265,-0.013914354,-0.0016181687,0.07588576,-0.05427263,-0.03581312,-0.020774432,0.026542425,0.027356429,0.22493134,-0.01264271,0.017919391,0.0012076744,0.030030528,0.015748873,-0.025167184,0.0037447247,0.07921746,-0.003720028,0.046078015,0.011241754,0.029318884,0.010773729,0.003304156,0.007948504,0.031946573,-0.02407701,-0.027858786,0.017592829,-0.07561253,-0.08985333,0.09343439,-0.0016761309,-0.022691596,-0.053788528,0.068086356,-0.011011039,-0.024386613,-0.020209787,-0.0027777674,0.060910698,0.011039097,0.056403663,-0.01570619,-0.041149996,-0.017920705,-0.010068635,0.026913524,-0.040421396,0.0060614683,0.009476349,0.0028315124]'::vector)",
                  "Shared Hit Blocks": 101,
                  "Shared Read Blocks": 1431,
                  "Shared Dirtied Blocks": 0,
                  "Shared Written Blocks": 0,
                  "Local Hit Blocks": 0,
                  "Local Read Blocks": 0,
                  "Local Dirtied Blocks": 0,
                  "Local Written Blocks": 0,
                  "Temp Read Blocks": 0,
                  "Temp Written Blocks": 0
                },
                {
                  "Node Type": "Index Scan",
                  "Parent Relationship": "Inner",
                  "Parallel Aware": false,
                  "Async Capable": false,
                  "Scan Direction": "Forward",
                  "Index Name": "chunks_pkey",
                  "Relation Name": "chunks",
                  "Schema": "public",
                  "Alias": "chunks",
                  "Startup Cost": 0.43,
                  "Total Cost": 4.22,
                  "Plan Rows": 1,
                  "Plan Width": 1388,
                  "Actual Startup Time": 0.231,
                  "Actual Total Time": 0.231,
                  "Actual Rows": 1,
                  "Actual Loops": 40,
                  "Output": [
                    "chunks.id",
                    "chunks.doi",
                    "chunks.text"
                  ],
                  "Index Cond": "(chunks.id = bge.chunk_id)",
                  "Rows Removed by Index Recheck": 0,
                  "Shared Hit Blocks": 65,
                  "Shared Read Blocks": 95,
                  "Shared Dirtied Blocks": 0,
                  "Shared Written Blocks": 0,
                  "Local Hit Blocks": 0,
                  "Local Read Blocks": 0,
                  "Local Dirtied Blocks": 0,
                  "Local Written Blocks": 0,
                  "Temp Read Blocks": 0,
                  "Temp Written Blocks": 0
                }
              ]
            }
          ]
        },
        "Planning": {
          "Shared Hit Blocks": 291,
          "Shared Read Blocks": 0,
          "Shared Dirtied Blocks": 0,
          "Shared Written Blocks": 0,
          "Local Hit Blocks": 0,
          "Local Read Blocks": 0,
          "Local Dirtied Blocks": 0,
          "Local Written Blocks": 0,
          "Temp Read Blocks": 0,
          "Temp Written Blocks": 0
        },
        "Planning Time": 2.123,
        "Triggers": [],
        "Execution Time": 208.768
      }
    ]
  ]
]